Array
(
    [1] => 100
    [1.01] => 98.238696109359
    [1.02] => 97.213459516299
    [1.03] => 96.170697511392
    [1.04] => 95.347003154574
    [1.05] => 94.497020679986
    [1.06] => 93.611987381703
    [1.07] => 93.016123378899
    [1.08] => 92.069751139152
    [1.09] => 91.298633017876
    [1.1] => 90.396074307746
    [1.11] => 89.642481598318
    [1.12] => 88.783736417806
    [1.13] => 88.073957237995
    [1.14] => 87.337889940414
    [1.15] => 86.470382053978
    [1.16] => 85.672975814932
    [1.17] => 84.963196635121
    [1.18] => 84.192078513845
    [1.19] => 83.517350157729
    [1.2] => 82.667367683141
    [1.21] => 81.975113915177
    [1.22] => 81.370487206449
    [1.23] => 80.660708026639
    [1.24] => 79.950928846828
    [1.25] => 79.284963196635
    [1.26] => 78.654048370137
    [1.27] => 78.058184367333
    [1.28] => 77.339642481598
    [1.29] => 76.796354714336
    [1.3] => 76.14791447599
    [1.31] => 75.613389414651
    [1.32] => 75.017525411847
    [1.33] => 74.500525762355
    [1.34] => 73.869610935857
    [1.35] => 73.273746933053
    [1.36] => 72.695408342096
    [1.37] => 72.169645986681
    [1.38] => 71.749036102348
    [1.39] => 71.302138100245
    [1.4] => 70.811426568524
    [1.41] => 70.276901507185
    [1.42] => 69.777427269541
    [1.43] => 69.225376796355
    [1.44] => 68.778478794252
    [1.45] => 68.375394321767
    [1.46] => 67.82334384858
    [1.47] => 67.332632316859
    [1.48] => 66.990886785839
    [1.49] => 66.579039607431
    [1.5] => 66.149667017175
    [1.51] => 65.764107956537
    [1.52] => 65.264633718892
    [1.53] => 64.765159481248
    [1.54] => 64.397125832457
    [1.55] => 63.958990536278
    [1.56] => 63.582194181563
    [1.57] => 63.117770767613
    [1.58] => 62.714686295128
    [1.59] => 62.302839116719
    [1.6] => 61.890991938311
    [1.61] => 61.452856642131
    [1.62] => 61.05853487557
    [1.63] => 60.760602874168
    [1.64] => 60.462670872766
    [1.65] => 60.024535576586
    [1.66] => 59.752891692955
    [1.67] => 59.314756396775
    [1.68] => 59.051875219068
    [1.69] => 58.613739922888
    [1.7] => 58.280757097792
    [1.71] => 57.930248860848
    [1.72] => 57.553452506134
    [1.73] => 57.220469681037
    [1.74] => 56.975113915177
    [1.75] => 56.528215913074
    [1.76] => 56.230283911672
    [1.77] => 55.897301086576
    [1.78] => 55.616894497021
    [1.79] => 55.310199789695
    [1.8] => 54.942166140904
    [1.81] => 54.652996845426
    [1.82] => 54.372590255871
    [1.83] => 54.109709078163
    [1.84] => 53.846827900456
    [1.85] => 53.548895899054
    [1.86] => 53.207150368034
    [1.87] => 52.970557308097
    [1.88] => 52.795303189625
    [1.89] => 52.506133894147
    [1.9] => 52.181913774974
    [1.91] => 51.919032597266
    [1.92] => 51.682439537329
    [1.93] => 51.48966000701
    [1.94] => 51.253066947073
    [1.95] => 50.990185769366
    [1.96] => 50.701016473887
    [1.97] => 50.446898002103
    [1.98] => 50.280406589555
    [1.99] => 50.035050823694
    [2] => 49.868559411146
    [2.01] => 49.614440939362
    [2.02] => 49.351559761654
    [2.03] => 49.123729407641
    [2.04] => 48.781983876621
    [2.05] => 48.562916228531
    [2.06] => 48.343848580442
    [2.07] => 48.124780932352
    [2.08] => 47.835611636873
    [2.09] => 47.572730459166
    [2.1] => 47.397476340694
    [2.11] => 47.169645986681
    [2.12] => 46.976866456362
    [2.13] => 46.713985278654
    [2.14] => 46.503680336488
    [2.15] => 46.302138100245
    [2.16] => 46.11812127585
    [2.17] => 45.969155275149
    [2.18] => 45.77637574483
    [2.19] => 45.592358920435
    [2.2] => 45.390816684192
    [2.21] => 45.18927444795
    [2.22] => 45.022783035401
    [2.23] => 44.830003505082
    [2.24] => 44.62846126884
    [2.25] => 44.40939362075
    [2.26] => 44.19032597266
    [2.27] => 43.971258324571
    [2.28] => 43.804766912022
    [2.29] => 43.629512793551
    [2.3] => 43.401682439537
    [2.31] => 43.235191026989
    [2.32] => 43.103750438135
    [2.33] => 42.937259025587
    [2.34] => 42.788293024886
    [2.35] => 42.613038906414
    [2.36] => 42.429022082019
    [2.37] => 42.271293375394
    [2.38] => 42.096039256923
    [2.39] => 41.973361373992
    [2.4] => 41.763056431826
    [2.41] => 41.605327725202
    [2.42] => 41.421310900806
    [2.43] => 41.228531370487
    [2.44] => 41.062039957939
    [2.45] => 40.913073957238
    [2.46] => 40.74658254469
    [2.47] => 40.606379249912
    [2.48] => 40.431125131441
    [2.49] => 40.317209954434
    [2.5] => 40.168243953733
    [2.51] => 39.975464423414
    [2.52] => 39.826498422713
    [2.53] => 39.668769716088
    [2.54] => 39.519803715387
    [2.55] => 39.327024185068
    [2.56] => 39.195583596215
    [2.57] => 39.011566771819
    [2.58] => 38.827549947424
    [2.59] => 38.669821240799
    [2.6] => 38.547143357869
    [2.61] => 38.450753592709
    [2.62] => 38.328075709779
    [2.63] => 38.222923238696
    [2.64] => 38.047669120224
    [2.65] => 37.951279355065
    [2.66] => 37.784787942517
    [2.67] => 37.697160883281
    [2.68] => 37.513144058885
    [2.69] => 37.364178058184
    [2.7] => 37.215212057483
    [2.71] => 37.048720644935
    [2.72] => 36.917280056081
    [2.73] => 36.794602173151
    [2.74] => 36.671924290221
    [2.75] => 36.514195583596
    [2.76] => 36.382754994742
    [2.77] => 36.286365229583
    [2.78] => 36.146161934805
    [2.79] => 35.979670522257
    [2.8] => 35.830704521556
    [2.81] => 35.71678934455
    [2.82] => 35.681738520855
    [2.83] => 35.567823343849
    [2.84] => 35.445145460918
    [2.85] => 35.27865404837
    [2.86] => 35.112162635822
    [2.87] => 35.007010164739
    [2.88] => 34.840518752191
    [2.89] => 34.752891692955
    [2.9] => 34.586400280407
    [2.91] => 34.463722397476
    [2.92] => 34.34980722047
    [2.93] => 34.200841219769
    [2.94] => 34.113214160533
    [2.95] => 34.00806168945
    [2.96] => 33.894146512443
    [2.97] => 33.736417805818
    [2.98] => 33.613739922888
    [2.99] => 33.499824745882
    [3] => 33.377146862951
    [3.01] => 33.236943568174
    [3.02] => 33.140553803014
    [3.03] => 32.98282509639
    [3.04] => 32.877672625307
    [3.05] => 32.781282860147
    [3.06] => 32.676130389064
    [3.07] => 32.597266035752
    [3.08] => 32.457062740974
    [3.09] => 32.42201191728
    [3.1] => 32.343147563968
    [3.11] => 32.255520504732
    [3.12] => 32.141605327725
    [3.13] => 32.071503680336
    [3.14] => 31.983876621101
    [3.15] => 31.913774973712
    [3.16] => 31.817385208552
    [3.17] => 31.712232737469
    [3.18] => 31.633368384157
    [3.19] => 31.528215913074
    [3.2] => 31.466876971609
    [3.21] => 31.361724500526
    [3.22] => 31.265334735366
    [3.23] => 31.168944970207
    [3.24] => 31.0550297932
    [3.25] => 30.993690851735
    [3.26] => 30.914826498423
    [3.27] => 30.827199439187
    [3.28] => 30.748335085875
    [3.29] => 30.634419908868
    [3.3] => 30.546792849632
    [3.31] => 30.476691202243
    [3.32] => 30.406589554855
    [3.33] => 30.310199789695
    [3.34] => 30.196284612688
    [3.35] => 30.117420259376
    [3.36] => 30.02979320014
    [3.37] => 29.950928846828
    [3.38] => 29.81072555205
    [3.39] => 29.723098492815
    [3.4] => 29.635471433579
    [3.41] => 29.56536978619
    [3.42] => 29.486505432878
    [3.43] => 29.425166491413
    [3.44] => 29.328776726253
    [3.45] => 29.206098843323
    [3.46] => 29.10094637224
    [3.47] => 29.039607430775
    [3.48] => 28.916929547844
    [3.49] => 28.873116018226
    [3.5] => 28.732912723449
    [3.51] => 28.689099193831
    [3.52] => 28.592709428672
    [3.53] => 28.54013319313
    [3.54] => 28.452506133894
    [3.55] => 28.373641780582
    [3.56] => 28.303540133193
    [3.57] => 28.224675779881
    [3.58] => 28.154574132492
    [3.59] => 28.07570977918
    [3.6] => 27.97932001402
    [3.61] => 27.882930248861
    [3.62] => 27.839116719243
    [3.63] => 27.742726954083
    [3.64] => 27.707676130389
    [3.65] => 27.646337188924
    [3.66] => 27.549947423764
    [3.67] => 27.471083070452
    [3.68] => 27.436032246758
    [3.69] => 27.357167893445
    [3.7] => 27.278303540133
    [3.71] => 27.199439186821
    [3.72] => 27.094286715738
    [3.73] => 27.024185068349
    [3.74] => 26.962846126884
    [3.75] => 26.910269891342
    [3.76] => 26.813880126183
    [3.77] => 26.770066596565
    [3.78] => 26.699964949176
    [3.79] => 26.638626007711
    [3.8] => 26.542236242552
    [3.81] => 26.498422712934
    [3.82] => 26.419558359621
    [3.83] => 26.314405888538
    [3.84] => 26.235541535226
    [3.85] => 26.200490711532
    [3.86] => 26.165439887837
    [3.87] => 26.086575534525
    [3.88] => 26.007711181213
    [3.89] => 25.981423063442
    [3.9] => 25.946372239748
    [3.91] => 25.885033298283
    [3.92] => 25.814931650894
    [3.93] => 25.779880827199
    [3.94] => 25.727304591658
    [3.95] => 25.674728356116
    [3.96] => 25.630914826498
    [3.97] => 25.58710129688
    [3.98] => 25.508236943568
    [3.99] => 25.455660708027
    [4] => 25.385559060638
    [4.01] => 25.324220119173
    [4.02] => 25.262881177708
    [4.03] => 25.210304942166
    [4.04] => 25.184016824395
    [4.05] => 25.140203294777
    [4.06] => 25.061338941465
    [4.07] => 24.938661058535
    [4.08] => 24.886084822993
    [4.09] => 24.807220469681
    [4.1] => 24.78093235191
    [4.11] => 24.702067998598
    [4.12] => 24.65825446898
    [4.13] => 24.623203645286
    [4.14] => 24.570627409744
    [4.15] => 24.518051174203
    [4.16] => 24.491763056432
    [4.17] => 24.421661409043
    [4.18] => 24.360322467578
    [4.19] => 24.263932702419
    [4.2] => 24.220119172801
    [4.21] => 24.150017525412
    [4.22] => 24.079915878023
    [4.23] => 24.062390466176
    [4.24] => 23.983526112864
    [4.25] => 23.948475289169
    [4.26] => 23.895899053628
    [4.27] => 23.843322818086
    [4.28] => 23.773221170698
    [4.29] => 23.711882229232
    [4.3] => 23.659305993691
    [4.31] => 23.606729758149
    [4.32] => 23.589204346302
    [4.33] => 23.562916228531
    [4.34] => 23.466526463372
    [4.35] => 23.396424815983
    [4.36] => 23.308797756747
    [4.37] => 23.264984227129
    [4.38] => 23.256221521206
    [4.39] => 23.194882579741
    [4.4] => 23.151069050123
    [4.41] => 23.080967402734
    [4.42] => 23.04591657904
    [4.43] => 22.993340343498
    [4.44] => 22.94952681388
    [4.45] => 22.879425166491
    [4.46] => 22.818086225026
    [4.47] => 22.756747283561
    [4.48] => 22.70417104802
    [4.49] => 22.651594812478
    [4.5] => 22.581493165089
    [4.51] => 22.537679635471
    [4.52] => 22.476340694006
    [4.53] => 22.432527164388
    [4.54] => 22.379950928847
    [4.55] => 22.318611987382
    [4.56] => 22.257273045917
    [4.57] => 22.239747634069
    [4.58] => 22.222222222222
    [4.59] => 22.14335786891
    [4.6] => 22.099544339292
    [4.61] => 22.055730809674
    [4.62] => 22.011917280056
    [4.63] => 21.92429022082
    [4.64] => 21.862951279355
    [4.65] => 21.810375043814
    [4.66] => 21.766561514196
    [4.67] => 21.713985278654
    [4.68] => 21.652646337189
    [4.69] => 21.635120925342
    [4.7] => 21.591307395724
    [4.71] => 21.521205748335
    [4.72] => 21.486154924641
    [4.73] => 21.45986680687
    [4.74] => 21.389765159481
    [4.75] => 21.372239747634
    [4.76] => 21.310900806169
    [4.77] => 21.267087276551
    [4.78] => 21.249561864704
    [4.79] => 21.196985629162
    [4.8] => 21.161934805468
    [4.81] => 21.126883981774
    [4.82] => 21.100595864003
    [4.83] => 21.056782334385
    [4.84] => 21.030494216614
    [4.85] => 20.960392569225
    [4.86] => 20.925341745531
    [4.87] => 20.907816333684
    [4.88] => 20.828951980372
    [4.89] => 20.811426568524
    [4.9] => 20.758850332983
    [4.91] => 20.679985979671
    [4.92] => 20.662460567823
    [4.93] => 20.6536978619
    [4.94] => 20.618647038205
    [4.95] => 20.574833508587
    [4.96] => 20.548545390817
    [4.97] => 20.522257273046
    [4.98] => 20.495969155275
    [4.99] => 20.443392919734
    [5] => 20.417104801963
    [5.01] => 20.382053978268
    [5.02] => 20.364528566421
    [5.03] => 20.320715036803
    [5.04] => 20.224325271644
    [5.05] => 20.180511742026
    [5.06] => 20.145460918332
    [5.07] => 20.119172800561
    [5.08] => 20.049071153172
    [5.09] => 20.022783035401
    [5.1] => 19.943918682089
    [5.11] => 19.8738170347
    [5.12] => 19.838766211006
    [5.13] => 19.794952681388
    [5.14] => 19.759901857694
    [5.15] => 19.724851033999
    [5.16] => 19.681037504381
    [5.17] => 19.654749386611
    [5.18] => 19.610935856993
    [5.19] => 19.575885033298
    [5.2] => 19.549596915528
    [5.21] => 19.497020679986
    [5.22] => 19.426919032597
    [5.23] => 19.418156326674
    [5.24] => 19.391868208903
    [5.25] => 19.374342797056
    [5.26] => 19.365580091132
    [5.27] => 19.313003855591
    [5.28] => 19.269190325973
    [5.29] => 19.234139502278
    [5.3] => 19.207851384508
    [5.31] => 19.16403785489
    [5.33] => 19.137749737119
    [5.34] => 19.102698913424
    [5.35] => 19.050122677883
    [5.36] => 19.006309148265
    [5.37] => 18.971258324571
    [5.38] => 18.953732912723
    [5.39] => 18.892393971258
    [5.4] => 18.839817735717
    [5.41] => 18.813529617946
    [5.42] => 18.796004206099
    [5.43] => 18.72590255871
    [5.44] => 18.708377146863
    [5.45] => 18.682089029092
    [5.46] => 18.638275499474
    [5.47] => 18.568173852086
    [5.48] => 18.541885734315
    [5.49] => 18.498072204697
    [5.5] => 18.463021381002
    [5.51] => 18.445495969155
    [5.52] => 18.410445145461
    [5.53] => 18.357868909919
    [5.54] => 18.340343498072
    [5.55] => 18.305292674378
    [5.56] => 18.287767262531
    [5.57] => 18.26147914476
    [5.58] => 18.252716438836
    [5.6] => 18.235191026989
    [5.61] => 18.208902909218
    [5.62] => 18.1650893796
    [5.63] => 18.13880126183
    [5.64] => 18.103750438135
    [5.65] => 18.059936908517
    [5.66] => 17.998597967052
    [5.67] => 17.981072555205
    [5.68] => 17.954784437434
    [5.69] => 17.893445495969
    [5.7] => 17.840869260428
    [5.71] => 17.744479495268
    [5.72] => 17.735716789345
    [5.73] => 17.718191377497
    [5.74] => 17.691903259727
    [5.75] => 17.665615141956
    [5.76] => 17.648089730109
    [5.77] => 17.621801612338
    [5.78] => 17.57798808272
    [5.79] => 17.525411847178
    [5.8] => 17.499123729408
    [5.81] => 17.490361023484
    [5.82] => 17.464072905713
    [5.83] => 17.411496670172
    [5.84] => 17.402733964248
    [5.85] => 17.350157728707
    [5.86] => 17.323869610936
    [5.87] => 17.315106905012
    [5.88] => 17.297581493165
    [5.89] => 17.271293375394
    [5.9] => 17.227479845776
    [5.91] => 17.209954433929
    [5.92] => 17.183666316158
    [5.93] => 17.13985278654
    [5.94] => 17.131090080617
    [5.95] => 17.096039256923
    [5.96] => 17.069751139152
    [5.97] => 17.043463021381
    [5.98] => 17.025937609534
    [5.99] => 17.008412197687
    [6] => 16.929547844374
    [6.01] => 16.920785138451
    [6.02] => 16.89449702068
    [6.03] => 16.841920785138
    [6.04] => 16.798107255521
    [6.05] => 16.780581843673
    [6.06] => 16.754293725903
    [6.07] => 16.701717490361
    [6.08] => 16.649141254819
    [6.09] => 16.631615842972
    [6.1] => 16.596565019278
    [6.11] => 16.579039607431
    [6.12] => 16.561514195584
    [6.13] => 16.526463371889
    [6.14] => 16.500175254118
    [6.15] => 16.456361724501
    [6.16] => 16.447599018577
    [6.17] => 16.412548194883
    [6.18] => 16.403785488959
    [6.19] => 16.386260077112
    [6.2] => 16.342446547494
    [6.21] => 16.33368384157
    [6.22] => 16.316158429723
    [6.23] => 16.298633017876
    [6.24] => 16.281107606029
    [6.25] => 16.237294076411
    [6.27] => 16.219768664564
    [6.28] => 16.202243252716
    [6.29] => 16.158429723098
    [6.3] => 16.140904311251
    [6.31] => 16.105853487557
    [6.32] => 16.08832807571
    [6.34] => 16.062039957939
    [6.35] => 16.035751840168
    [6.36] => 16.018226428321
    [6.37] => 15.99193831055
    [6.38] => 15.956887486856
    [6.39] => 15.921836663162
    [6.4] => 15.895548545391
    [6.41] => 15.878023133544
    [6.42] => 15.842972309849
    [6.43] => 15.825446898002
    [6.44] => 15.790396074308
    [6.45] => 15.781633368384
    [6.46] => 15.764107956537
    [6.47] => 15.737819838766
    [6.48] => 15.729057132843
    [6.49] => 15.694006309148
    [6.5] => 15.667718191377
    [6.51] => 15.641430073607
    [6.52] => 15.597616543989
    [6.53] => 15.580091132142
    [6.54] => 15.536277602524
    [6.55] => 15.509989484753
    [6.56] => 15.483701366982
    [6.57] => 15.457413249211
    [6.58] => 15.448650543288
    [6.61] => 15.422362425517
    [6.62] => 15.387311601823
    [6.64] => 15.334735366281
    [6.65] => 15.30844724851
    [6.66] => 15.28215913074
    [6.67] => 15.264633718892
    [6.68] => 15.238345601122
    [6.69] => 15.229582895198
    [6.7] => 15.194532071504
    [6.71] => 15.168243953733
    [6.72] => 15.150718541886
    [6.73] => 15.098142306344
    [6.74] => 15.071854188573
    [6.75] => 15.045566070803
    [6.77] => 15.001752541185
    [6.78] => 14.975464423414
    [6.79] => 14.96670171749
    [6.8] => 14.957939011567
    [6.81] => 14.931650893796
    [6.82] => 14.905362776025
    [6.83] => 14.879074658254
    [6.84] => 14.852786540484
    [6.85] => 14.835261128637
    [6.86] => 14.800210304942
    [6.87] => 14.765159481248
    [6.88] => 14.738871363477
    [6.91] => 14.712583245706
    [6.93] => 14.703820539783
    [6.94] => 14.686295127936
    [6.95] => 14.677532422012
    [6.96] => 14.668769716088
    [6.97] => 14.607430774623
    [6.98] => 14.563617245005
    [7] => 14.554854539082
    [7.03] => 14.519803715387
    [7.04] => 14.493515597617
    [7.05] => 14.475990185769
    [7.06] => 14.449702067999
    [7.07] => 14.414651244304
    [7.08] => 14.405888538381
    [7.09] => 14.397125832457
    [7.1] => 14.362075008763
    [7.11] => 14.353312302839
    [7.12] => 14.309498773221
    [7.13] => 14.28321065545
    [7.14] => 14.274447949527
    [7.15] => 14.25692253768
    [7.17] => 14.248159831756
    [7.19] => 14.239397125832
    [7.2] => 14.213109008062
    [7.21] => 14.195583596215
    [7.22] => 14.186820890291
    [7.23] => 14.143007360673
    [7.24] => 14.099193831055
    [7.25] => 14.064143007361
    [7.26] => 14.046617595513
    [7.27] => 13.994041359972
    [7.28] => 13.958990536278
    [7.29] => 13.950227830354
    [7.3] => 13.94146512443
    [7.31] => 13.923939712583
    [7.32] => 13.888888888889
    [7.33] => 13.862600771118
    [7.36] => 13.836312653347
    [7.37] => 13.8187872415
    [7.38] => 13.810024535577
    [7.39] => 13.801261829653
    [7.4] => 13.792499123729
    [7.41] => 13.748685594111
    [7.42] => 13.722397476341
    [7.43] => 13.669821240799
    [7.44] => 13.652295828952
    [7.45] => 13.626007711181
    [7.46] => 13.582194181563
    [7.47] => 13.564668769716
    [7.48] => 13.529617946022
    [7.5] => 13.520855240098
    [7.51] => 13.512092534175
    [7.52] => 13.47704171048
    [7.53] => 13.450753592709
    [7.54] => 13.433228180862
    [7.55] => 13.398177357168
    [7.56] => 13.389414651244
    [7.58] => 13.380651945321
    [7.59] => 13.35436382755
    [7.6] => 13.345601121626
    [7.61] => 13.336838415703
    [7.62] => 13.319313003856
    [7.64] => 13.301787592008
    [7.67] => 13.284262180161
    [7.69] => 13.266736768314
    [7.7] => 13.25797406239
    [7.71] => 13.23168594462
    [7.72] => 13.222923238696
    [7.73] => 13.196635120925
    [7.74] => 13.170347003155
    [7.75] => 13.161584297231
    [7.77] => 13.126533473537
    [7.78] => 13.109008061689
    [7.81] => 13.082719943919
    [7.82] => 13.056431826148
    [7.83] => 13.038906414301
    [7.84] => 13.01261829653
    [7.85] => 12.995092884683
    [7.87] => 12.977567472836
    [7.88] => 12.968804766912
    [7.89] => 12.933753943218
    [7.9] => 12.924991237294
    [7.91] => 12.91622853137
    [7.92] => 12.898703119523
    [7.93] => 12.8899404136
    [7.94] => 12.863652295829
    [7.95] => 12.854889589905
    [7.96] => 12.819838766211
    [7.97] => 12.784787942517
    [7.98] => 12.776025236593
    [7.99] => 12.758499824746
    [8.01] => 12.732211706975
    [8.02] => 12.705923589204
    [8.03] => 12.679635471434
    [8.04] => 12.644584647739
    [8.05] => 12.618296529968
    [8.07] => 12.609533824045
    [8.08] => 12.600771118121
    [8.09] => 12.565720294427
    [8.1] => 12.54819488258
    [8.11] => 12.513144058885
    [8.12] => 12.504381352962
    [8.13] => 12.495618647038
    [8.14] => 12.486855941115
    [8.15] => 12.478093235191
    [8.16] => 12.45180511742
    [8.17] => 12.443042411497
    [8.18] => 12.416754293726
    [8.19] => 12.407991587802
    [8.2] => 12.399228881879
    [8.22] => 12.372940764108
    [8.23] => 12.355415352261
    [8.24] => 12.337889940414
    [8.25] => 12.320364528566
    [8.26] => 12.294076410796
    [8.27] => 12.259025587101
    [8.28] => 12.250262881178
    [8.29] => 12.223974763407
    [8.3] => 12.215212057483
    [8.31] => 12.197686645636
    [8.32] => 12.188923939713
    [8.33] => 12.171398527865
    [8.34] => 12.153873116018
    [8.36] => 12.127584998247
    [8.37] => 12.118822292324
    [8.39] => 12.092534174553
    [8.41] => 12.08377146863
    [8.43] => 12.048720644935
    [8.44] => 12.031195233088
    [8.45] => 11.996144409394
    [8.46] => 11.969856291623
    [8.47] => 11.943568173852
    [8.49] => 11.917280056081
    [8.5] => 11.899754644234
    [8.51] => 11.873466526463
    [8.52] => 11.86470382054
    [8.53] => 11.855941114616
    [8.54] => 11.829652996845
    [8.55] => 11.820890290922
    [8.57] => 11.812127584998
    [8.6] => 11.794602173151
    [8.61] => 11.785839467227
    [8.62] => 11.76831405538
    [8.63] => 11.759551349457
    [8.64] => 11.733263231686
    [8.65] => 11.724500525762
    [8.66] => 11.706975113915
    [8.67] => 11.698212407992
    [8.68] => 11.689449702068
    [8.69] => 11.680686996144
    [8.7] => 11.654398878374
    [8.71] => 11.64563617245
    [8.73] => 11.636873466526
    [8.74] => 11.628110760603
    [8.75] => 11.610585348756
    [8.76] => 11.584297230985
    [8.77] => 11.575534525061
    [8.79] => 11.540483701367
    [8.8] => 11.52295828952
    [8.81] => 11.514195583596
    [8.82] => 11.496670171749
    [8.84] => 11.470382053978
    [8.85] => 11.444093936208
    [8.86] => 11.42656852436
    [8.87] => 11.417805818437
    [8.88] => 11.40028040659
    [8.89] => 11.382754994742
    [8.9] => 11.373992288819
    [8.91] => 11.365229582895
    [8.93] => 11.338941465124
    [8.95] => 11.330178759201
    [8.96] => 11.30389064143
    [8.97] => 11.286365229583
    [8.98] => 11.277602523659
    [8.99] => 11.268839817736
    [9] => 11.260077111812
    [9.01] => 11.251314405889
    [9.03] => 11.216263582194
    [9.04] => 11.207500876271
    [9.06] => 11.198738170347
    [9.07] => 11.172450052576
    [9.08] => 11.146161934805
    [9.09] => 11.137399228882
    [9.1] => 11.102348405188
    [9.11] => 11.093585699264
    [9.13] => 11.076060287417
    [9.16] => 11.067297581493
    [9.18] => 11.05853487557
    [9.19] => 11.049772169646
    [9.2] => 11.014721345952
    [9.21] => 11.005958640028
    [9.22] => 10.988433228181
    [9.23] => 10.970907816334
    [9.24] => 10.96214511041
    [9.25] => 10.944619698563
    [9.26] => 10.927094286716
    [9.27] => 10.892043463021
    [9.29] => 10.865755345251
    [9.3] => 10.856992639327
    [9.31] => 10.848229933403
    [9.32] => 10.83946722748
    [9.33] => 10.830704521556
    [9.34] => 10.821941815633
    [9.35] => 10.813179109709
    [9.36] => 10.804416403785
    [9.37] => 10.795653697862
    [9.4] => 10.786890991938
    [9.42] => 10.769365580091
    [9.43] => 10.760602874168
    [9.44] => 10.734314756397
    [9.45] => 10.71678934455
    [9.46] => 10.708026638626
    [9.47] => 10.690501226779
    [9.48] => 10.681738520855
    [9.5] => 10.664213109008
    [9.51] => 10.655450403084
    [9.52] => 10.637924991237
    [9.53] => 10.62039957939
    [9.54] => 10.602874167543
    [9.55] => 10.576586049772
    [9.57] => 10.541535226078
    [9.58] => 10.532772520154
    [9.59] => 10.506484402383
    [9.6] => 10.49772169646
    [9.62] => 10.480196284613
    [9.63] => 10.453908166842
    [9.64] => 10.445145460918
    [9.65] => 10.427620049071
    [9.66] => 10.410094637224
    [9.67] => 10.392569225377
    [9.68] => 10.37504381353
    [9.7] => 10.348755695759
    [9.72] => 10.339992989835
    [9.74] => 10.331230283912
    [9.75] => 10.296179460217
    [9.76] => 10.287416754294
    [9.77] => 10.261128636523
    [9.78] => 10.252365930599
    [9.79] => 10.243603224676
    [9.8] => 10.234840518752
    [9.81] => 10.217315106905
    [9.82] => 10.208552400981
    [9.86] => 10.182264283211
    [9.91] => 10.173501577287
    [9.92] => 10.164738871363
    [9.93] => 10.147213459516
    [9.95] => 10.129688047669
    [9.97] => 10.112162635822
    [9.98] => 10.085874518051
    [9.99] => 10.077111812128
    [10] => 10.068349106204
    [10.01] => 10.05958640028
    [10.02] => 10.042060988433
    [10.03] => 10.024535576586
    [10.04] => 9.9982474588153
    [10.05] => 9.9894847528917
    [10.06] => 9.9719593410445
    [10.07] => 9.9631966351209
    [10.09] => 9.9544339291973
    [10.1] => 9.9281458114266
    [10.11] => 9.8930949877322
    [10.13] => 9.8492814581143
    [10.14] => 9.8405187521907
    [10.15] => 9.8142306344199
    [10.16] => 9.8054679284963
    [10.17] => 9.7879425166491
    [10.18] => 9.7791798107256
    [10.19] => 9.7616543988784
    [10.2] => 9.7528916929548
    [10.23] => 9.726603575184
    [10.25] => 9.7090781633368
    [10.26] => 9.7003154574132
    [10.29] => 9.6915527514897
    [10.3] => 9.6827900455661
    [10.31] => 9.6740273396425
    [10.33] => 9.6652646337189
    [10.34] => 9.6389765159481
    [10.36] => 9.6214511041009
    [10.37] => 9.6126883981774
    [10.38] => 9.6039256922538
    [10.4] => 9.5864002804066
    [10.45] => 9.577637574483
    [10.46] => 9.5688748685594
    [10.49] => 9.5513494567122
    [10.5] => 9.5338240448651
    [10.51] => 9.5162986330179
    [10.52] => 9.5075359270943
    [10.53] => 9.4987732211707
    [10.56] => 9.4900105152471
    [10.57] => 9.4812478093235
    [10.58] => 9.4549596915528
    [10.6] => 9.4374342797056
    [10.61] => 9.428671573782
    [10.62] => 9.4199088678584
    [10.63] => 9.4111461619348
    [10.64] => 9.4023834560112
    [10.66] => 9.3936207500876
    [10.68] => 9.3760953382404
    [10.69] => 9.3673326323169
    [10.71] => 9.3585699263933
    [10.72] => 9.3498072204697
    [10.73] => 9.3235191026989
    [10.75] => 9.3147563967753
    [10.77] => 9.3059936908517
    [10.78] => 9.2884682790046
    [10.79] => 9.279705573081
    [10.8] => 9.2709428671574
    [10.81] => 9.2534174553102
    [10.84] => 9.235892043463
    [10.86] => 9.2271293375394
    [10.87] => 9.2096039256923
    [10.89] => 9.2008412197687
    [10.91] => 9.1833158079215
    [10.93] => 9.1745531019979
    [10.95] => 9.1570276901507
    [10.98] => 9.1482649842271
    [11.01] => 9.1395022783035
    [11.03] => 9.1132141605328
    [11.06] => 9.1044514546092
    [11.11] => 9.0956887486856
    [11.13] => 9.0781633368384
    [11.15] => 9.0694006309148
    [11.16] => 9.0606379249912
    [11.17] => 9.0431125131441
    [11.2] => 9.0255871012969
    [11.23] => 9.0080616894497
    [11.24] => 8.9992989835261
    [11.26] => 8.9817735716789
    [11.27] => 8.9730108657553
    [11.29] => 8.9642481598318
    [11.3] => 8.9554854539082
    [11.32] => 8.937960042061
    [11.37] => 8.9204346302138
    [11.39] => 8.9116719242902
    [11.4] => 8.9029092183666
    [11.41] => 8.894146512443
    [11.42] => 8.8853838065195
    [11.43] => 8.8766211005959
    [11.44] => 8.8678583946723
    [11.45] => 8.8590956887487
    [11.48] => 8.8503329828251
    [11.49] => 8.8415702769015
    [11.51] => 8.8328075709779
    [11.52] => 8.7977567472836
    [11.53] => 8.78899404136
    [11.55] => 8.7714686295128
    [11.56] => 8.7627059235892
    [11.57] => 8.745180511742
    [11.59] => 8.7276550998948
    [11.6] => 8.7188923939713
    [11.63] => 8.7013669821241
    [11.64] => 8.6838415702769
    [11.65] => 8.6750788643533
    [11.67] => 8.6663161584297
    [11.68] => 8.6575534525061
    [11.73] => 8.6487907465825
    [11.77] => 8.640028040659
    [11.78] => 8.6225026288118
    [11.8] => 8.6137399228882
    [11.85] => 8.6049772169646
    [11.86] => 8.5786890991938
    [11.91] => 8.5699263932702
    [11.92] => 8.5611636873467
    [11.93] => 8.5524009814231
    [11.95] => 8.5348755695759
    [11.96] => 8.5261128636523
    [11.97] => 8.5085874518051
    [11.99] => 8.4998247458815
    [12] => 8.4735366281108
    [12.01] => 8.4647739221872
    [12.02] => 8.4560112162636
    [12.07] => 8.4384858044164
    [12.09] => 8.4297230984928
    [12.15] => 8.4209603925692
    [12.18] => 8.4121976866456
    [12.19] => 8.403434980722
    [12.2] => 8.3946722747985
    [12.23] => 8.3771468629513
    [12.26] => 8.3596214511041
    [12.27] => 8.3508587451805
    [12.28] => 8.3420960392569
    [12.3] => 8.3333333333333
    [12.31] => 8.3245706274097
    [12.32] => 8.3158079214862
    [12.33] => 8.3070452155626
    [12.34] => 8.298282509639
    [12.39] => 8.2895198037154
    [12.4] => 8.2807570977918
    [12.41] => 8.2719943918682
    [12.47] => 8.2632316859446
    [12.52] => 8.254468980021
    [12.55] => 8.2457062740974
    [12.58] => 8.2369435681739
    [12.59] => 8.2194181563267
    [12.6] => 8.2106554504031
    [12.61] => 8.2018927444795
    [12.64] => 8.1668419207851
    [12.68] => 8.1580792148615
    [12.69] => 8.149316508938
    [12.72] => 8.1405538030144
    [12.73] => 8.1317910970908
    [12.75] => 8.1230283911672
    [12.76] => 8.1142656852436
    [12.82] => 8.10550297932
    [12.84] => 8.0967402733964
    [12.86] => 8.0879775674728
    [12.87] => 8.0792148615492
    [12.88] => 8.0704521556257
    [12.89] => 8.0616894497021
    [12.91] => 8.0441640378549
    [12.92] => 8.0354013319313
    [12.93] => 8.0266386260077
    [12.94] => 8.0178759200841
    [12.95] => 7.9915878023134
    [12.96] => 7.9652996845426
    [12.98] => 7.956536978619
    [12.99] => 7.9477742726954
    [13.02] => 7.9390115667718
    [13.06] => 7.9302488608482
    [13.08] => 7.9127234490011
    [13.1] => 7.9039607430775
    [13.11] => 7.8951980371539
    [13.21] => 7.8864353312303
    [13.22] => 7.8776726253067
    [13.23] => 7.8601472134595
    [13.24] => 7.8513845075359
    [13.27] => 7.8426218016123
    [13.28] => 7.8163336838416
    [13.32] => 7.807570977918
    [13.33] => 7.7988082719944
    [13.35] => 7.7900455660708
    [13.36] => 7.7637574483
    [13.37] => 7.7462320364529
    [13.38] => 7.7374693305293
    [13.4] => 7.7287066246057
    [13.44] => 7.7111812127585
    [13.5] => 7.6936558009113
    [13.51] => 7.6848930949877
    [13.54] => 7.6673676831406
    [13.58] => 7.658604977217
    [13.59] => 7.6498422712934
    [13.6] => 7.6323168594462
    [13.61] => 7.614791447599
    [13.62] => 7.6060287416754
    [13.63] => 7.5972660357518
    [13.64] => 7.5885033298283
    [13.65] => 7.5709779179811
    [13.67] => 7.5622152120575
    [13.7] => 7.5534525061339
    [13.71] => 7.5446898002103
    [13.75] => 7.5271643883631
    [13.77] => 7.5184016824395
    [13.78] => 7.5096389765159
    [13.79] => 7.5008762705924
    [13.8] => 7.4921135646688
    [13.86] => 7.4833508587452
    [13.89] => 7.4745881528216
    [13.94] => 7.465825446898
    [13.96] => 7.4570627409744
    [13.98] => 7.4483000350508
    [14.03] => 7.4220119172801
    [14.04] => 7.4132492113565
    [14.05] => 7.4044865054329
    [14.08] => 7.3957237995093
    [14.1] => 7.3869610935857
    [14.13] => 7.3694356817385
    [14.14] => 7.3606729758149
    [14.15] => 7.3519102698913
    [14.17] => 7.3343848580442
    [14.18] => 7.316859446197
    [14.19] => 7.2905713284262
    [14.21] => 7.2818086225026
    [14.22] => 7.2555205047319
    [14.26] => 7.2467577988083
    [14.31] => 7.2379950928847
    [14.34] => 7.2292323869611
    [14.38] => 7.2204696810375
    [14.4] => 7.1941815632667
    [14.41] => 7.1854188573431
    [14.45] => 7.1766561514196
    [14.46] => 7.167893445496
    [14.47] => 7.1591307395724
    [14.48] => 7.1503680336488
    [14.5] => 7.1416053277252
    [14.51] => 7.1328426218016
    [14.53] => 7.124079915878
    [14.54] => 7.1153172099544
    [14.55] => 7.1065545040308
    [14.57] => 7.0977917981073
    [14.58] => 7.0890290921837
    [14.61] => 7.0715036803365
    [14.64] => 7.0627409744129
    [14.71] => 7.0539782684893
    [14.74] => 7.0276901507185
    [14.75] => 7.0101647388714
    [14.78] => 7.0014020329478
    [14.79] => 6.9926393270242
    [14.82] => 6.9838766211006
    [14.87] => 6.975113915177
    [14.89] => 6.9663512092534
    [14.91] => 6.9575885033298
    [14.92] => 6.9488257974062
    [14.95] => 6.9400630914826
    [14.98] => 6.9313003855591
    [15.05] => 6.9225376796355
    [15.08] => 6.9137749737119
    [15.1] => 6.8611987381703
    [15.13] => 6.8524360322468
    [15.14] => 6.8436733263232
    [15.15] => 6.8349106203996
    [15.16] => 6.826147914476
    [15.17] => 6.8173852085524
    [15.18] => 6.8086225026288
    [15.2] => 6.7910970907816
    [15.21] => 6.782334384858
    [15.26] => 6.7735716789345
    [15.27] => 6.7560462670873
    [15.29] => 6.7472835611637
    [15.3] => 6.7385208552401
    [15.31] => 6.7297581493165
    [15.34] => 6.7209954433929
    [15.37] => 6.7034700315457
    [15.38] => 6.6947073256222
    [15.41] => 6.6859446196986
    [15.49] => 6.677181913775
    [15.5] => 6.6596565019278
    [15.56] => 6.6421310900806
    [15.58] => 6.6246056782334
    [15.59] => 6.6158429723098
    [15.6] => 6.6070802663863
    [15.61] => 6.5983175604627
    [15.62] => 6.5895548545391
    [15.63] => 6.5807921486155
    [15.68] => 6.5720294426919
    [15.7] => 6.5632667367683
    [15.72] => 6.5545040308447
    [15.73] => 6.5457413249211
    [15.75] => 6.5369786189975
    [15.8] => 6.528215913074
    [15.83] => 6.5194532071504
    [15.84] => 6.5106905012268
    [15.87] => 6.5019277953032
    [15.88] => 6.4931650893796
    [15.9] => 6.484402383456
    [15.95] => 6.4668769716088
    [15.96] => 6.4581142656852
    [16.06] => 6.4493515597617
    [16.1] => 6.4405888538381
    [16.12] => 6.4318261479145
    [16.13] => 6.4230634419909
    [16.15] => 6.4143007360673
    [16.16] => 6.4055380301437
    [16.17] => 6.3880126182965
    [16.18] => 6.3792499123729
    [16.19] => 6.3617245005258
    [16.2] => 6.3529617946022
    [16.22] => 6.3441990886786
    [16.23] => 6.335436382755
    [16.26] => 6.3179109709078
    [16.27] => 6.3091482649842
    [16.29] => 6.3003855590606
    [16.31] => 6.2828601472135
    [16.34] => 6.2740974412899
    [16.35] => 6.2653347353663
    [16.37] => 6.2565720294427
    [16.38] => 6.2390466175955
    [16.39] => 6.2302839116719
    [16.4] => 6.2215212057483
    [16.47] => 6.2039957939012
    [16.49] => 6.186470382054
    [16.52] => 6.1777076761304
    [16.54] => 6.1689449702068
    [16.56] => 6.1601822642832
    [16.59] => 6.1514195583596
    [16.61] => 6.142656852436
    [16.67] => 6.1338941465124
    [16.72] => 6.1251314405889
    [16.76] => 6.1163687346653
    [16.78] => 6.1076060287417
    [16.8] => 6.0988433228181
    [16.83] => 6.0813179109709
    [16.86] => 6.0725552050473
    [16.87] => 6.0637924991237
    [16.88] => 6.0550297932001
    [16.93] => 6.0462670872766
    [16.94] => 6.037504381353
    [16.96] => 6.0199789695058
    [16.98] => 6.0112162635822
    [16.99] => 6.0024535576586
    [17] => 5.993690851735
    [17.01] => 5.9761654398878
    [17.04] => 5.9674027339642
    [17.16] => 5.9586400280407
    [17.17] => 5.9498773221171
    [17.21] => 5.9411146161935
    [17.23] => 5.9323519102699
    [17.24] => 5.9235892043463
    [17.25] => 5.9148264984227
    [17.27] => 5.9060637924991
    [17.41] => 5.8973010865755
    [17.47] => 5.8885383806519
    [17.48] => 5.8797756747284
    [17.52] => 5.8710129688048
    [17.54] => 5.8622502628812
    [17.6] => 5.8534875569576
    [17.61] => 5.844724851034
    [17.62] => 5.8271994391868
    [17.65] => 5.8184367332632
    [17.68] => 5.8096740273396
    [17.71] => 5.8009113214161
    [17.73] => 5.7921486154925
    [17.74] => 5.7833859095689
    [17.75] => 5.7746232036453
    [17.79] => 5.7658604977217
    [17.84] => 5.7570977917981
    [17.85] => 5.7483350858745
    [17.86] => 5.7395723799509
    [17.91] => 5.7308096740273
    [17.93] => 5.7220469681038
    [17.94] => 5.7132842621802
    [17.96] => 5.7045215562566
    [18.04] => 5.695758850333
    [18.09] => 5.6869961444094
    [18.14] => 5.6782334384858
    [18.15] => 5.6694707325622
    [18.22] => 5.6607080266386
    [18.3] => 5.651945320715
    [18.34] => 5.6431826147914
    [18.36] => 5.6344199088679
    [18.38] => 5.6168944970207
    [18.42] => 5.6081317910971
    [18.43] => 5.5906063792499
    [18.46] => 5.5818436733263
    [18.5] => 5.5643182614791
    [18.51] => 5.5555555555556
    [18.52] => 5.5380301437084
    [18.58] => 5.5292674377848
    [18.62] => 5.5205047318612
    [18.63] => 5.5117420259376
    [18.65] => 5.4942166140904
    [18.69] => 5.4766912022433
    [18.7] => 5.4679284963197
    [18.71] => 5.4591657903961
    [18.77] => 5.4504030844725
    [18.86] => 5.4328776726253
    [18.88] => 5.4241149667017
    [18.89] => 5.4153522607781
    [18.96] => 5.4065895548545
    [18.98] => 5.3978268489309
    [18.99] => 5.3890641430074
    [19.01] => 5.3803014370838
    [19.04] => 5.3715387311602
    [19.08] => 5.354013319313
    [19.13] => 5.3452506133894
    [19.21] => 5.3364879074658
    [19.25] => 5.3277252015422
    [19.29] => 5.3189624956186
    [19.31] => 5.3014370837715
    [19.32] => 5.2926743778479
    [19.35] => 5.2839116719243
    [19.44] => 5.2576235541535
    [19.46] => 5.2488608482299
    [19.53] => 5.2400981423063
    [19.57] => 5.2313354363828
    [19.61] => 5.2225727304592
    [19.69] => 5.2138100245356
    [19.73] => 5.205047318612
    [19.76] => 5.1962846126884
    [19.82] => 5.1787592008412
    [19.85] => 5.1699964949176
    [19.88] => 5.161233788994
    [19.97] => 5.1524710830705
    [20.02] => 5.1437083771469
    [20.05] => 5.1349456712233
    [20.09] => 5.1261829652997
    [20.1] => 5.1174202593761
    [20.14] => 5.1086575534525
    [20.16] => 5.0998948475289
    [20.21] => 5.0911321416053
    [20.27] => 5.0823694356817
    [20.28] => 5.0736067297581
    [20.34] => 5.0648440238346
    [20.35] => 5.056081317911
    [20.4] => 5.0473186119874
    [20.53] => 5.0385559060638
    [20.57] => 5.0297932001402
    [20.58] => 5.0210304942166
    [20.6] => 5.012267788293
    [20.62] => 5.0035050823694
    [20.63] => 4.9947423764458
    [20.65] => 4.9859796705223
    [20.74] => 4.9772169645987
    [20.76] => 4.9684542586751
    [20.82] => 4.9596915527515
    [20.85] => 4.9509288468279
    [20.88] => 4.9421661409043
    [20.9] => 4.9334034349807
    [20.94] => 4.9246407290571
    [20.99] => 4.9158780231335
    [21.06] => 4.90711531721
    [21.16] => 4.8983526112864
    [21.2] => 4.8895899053628
    [21.24] => 4.8808271994392
    [21.25] => 4.8720644935156
    [21.27] => 4.863301787592
    [21.28] => 4.8545390816684
    [21.3] => 4.8457763757448
    [21.32] => 4.8370136698212
    [21.33] => 4.8282509638977
    [21.39] => 4.8194882579741
    [21.44] => 4.8107255520505
    [21.67] => 4.8019628461269
    [21.78] => 4.7844374342797
    [21.87] => 4.7756747283561
    [21.88] => 4.7669120224325
    [21.89] => 4.7581493165089
    [21.98] => 4.7406239046618
    [22.09] => 4.7318611987382
    [22.14] => 4.7230984928146
    [22.16] => 4.714335786891
    [22.17] => 4.7055730809674
    [22.27] => 4.6968103750438
    [22.28] => 4.6880476691202
    [22.31] => 4.670522257273
    [22.32] => 4.6617595513495
    [22.38] => 4.6529968454259
    [22.39] => 4.6442341395023
    [22.42] => 4.6354714335787
    [22.44] => 4.6179460217315
    [22.45] => 4.6091833158079
    [22.49] => 4.6004206098843
    [22.53] => 4.5916579039607
    [22.56] => 4.5828951980372
    [22.57] => 4.5741324921136
    [22.65] => 4.56536978619
    [22.67] => 4.5566070802664
    [22.74] => 4.5478443743428
    [22.75] => 4.5390816684192
    [22.83] => 4.5303189624956
    [22.86] => 4.521556256572
    [22.87] => 4.5127935506484
    [23.04] => 4.5040308447249
    [23.06] => 4.4952681388013
    [23.07] => 4.4865054328777
    [23.1] => 4.4689800210305
    [23.12] => 4.4602173151069
    [23.13] => 4.4514546091833
    [23.15] => 4.4426919032597
    [23.22] => 4.4339291973361
    [23.3] => 4.416403785489
    [23.32] => 4.4076410795654
    [23.47] => 4.3988783736418
    [23.48] => 4.3901156677182
    [23.5] => 4.3813529617946
    [23.53] => 4.372590255871
    [23.55] => 4.3638275499474
    [23.62] => 4.3550648440238
    [23.64] => 4.3463021381002
    [23.66] => 4.3375394321767
    [23.91] => 4.3287767262531
    [24] => 4.3200140203295
    [24.05] => 4.3112513144059
    [24.17] => 4.3024886084823
    [24.18] => 4.2937259025587
    [24.19] => 4.2762004907115
    [24.22] => 4.2674377847879
    [24.26] => 4.2586750788644
    [24.28] => 4.2499123729408
    [24.33] => 4.2411496670172
    [24.36] => 4.2323869610936
    [24.4] => 4.22362425517
    [24.43] => 4.2148615492464
    [24.48] => 4.2060988433228
    [24.5] => 4.1973361373992
    [24.51] => 4.1885734314756
    [24.53] => 4.1798107255521
    [24.62] => 4.1710480196285
    [24.65] => 4.1622853137049
    [24.67] => 4.1535226077813
    [24.72] => 4.1272344900105
    [24.75] => 4.1184717840869
    [24.81] => 4.1097090781633
    [24.99] => 4.1009463722397
    [25.05] => 4.0834209603926
    [25.15] => 4.074658254469
    [25.18] => 4.0658955485454
    [25.24] => 4.0396074307746
    [25.37] => 4.030844724851
    [25.42] => 4.0220820189274
    [25.53] => 4.0045566070803
    [25.54] => 3.9957939011567
    [25.59] => 3.9870311952331
    [25.65] => 3.9782684893095
    [25.69] => 3.9695057833859
    [25.84] => 3.9607430774623
    [25.89] => 3.9344549596916
    [26.06] => 3.925692253768
    [26.13] => 3.9169295478444
    [26.21] => 3.9081668419208
    [26.23] => 3.8994041359972
    [26.25] => 3.8906414300736
    [26.26] => 3.88187872415
    [26.38] => 3.8731160182264
    [26.47] => 3.8643533123028
    [26.53] => 3.8555906063793
    [26.54] => 3.8468279004557
    [26.65] => 3.8380651945321
    [26.72] => 3.8293024886085
    [26.79] => 3.8205397826849
    [26.86] => 3.8117770767613
    [26.9] => 3.7942516649141
    [26.92] => 3.7854889589905
    [27.07] => 3.7767262530669
    [27.12] => 3.7679635471434
    [27.29] => 3.7592008412198
    [27.33] => 3.7504381352962
    [27.5] => 3.7416754293726
    [27.52] => 3.732912723449
    [27.56] => 3.7241500175254
    [27.57] => 3.7153873116018
    [27.62] => 3.7066246056782
    [27.63] => 3.6978618997546
    [27.66] => 3.6715737819839
    [27.75] => 3.6628110760603
    [28.12] => 3.6540483701367
    [28.16] => 3.6452856642131
    [28.19] => 3.6365229582895
    [28.25] => 3.6277602523659
    [28.37] => 3.6189975464423
    [28.38] => 3.6102348405188
    [28.52] => 3.5927094286716
    [28.55] => 3.583946722748
    [28.79] => 3.5751840168244
    [28.82] => 3.5664213109008
    [28.84] => 3.5576586049772
    [29.02] => 3.5488958990536
    [29.12] => 3.54013319313
    [29.18] => 3.5313704872064
    [29.19] => 3.5226077812829
    [29.24] => 3.5138450753593
    [29.25] => 3.5050823694357
    [29.28] => 3.4963196635121
    [29.29] => 3.4875569575885
    [29.31] => 3.4787942516649
    [29.32] => 3.4700315457413
    [29.58] => 3.4612688398177
    [29.65] => 3.4525061338941
    [29.76] => 3.4437434279706
    [29.85] => 3.434980722047
    [29.88] => 3.4262180161234
    [30.03] => 3.4174553101998
    [30.11] => 3.4086926042762
    [30.13] => 3.3999298983526
    [30.58] => 3.391167192429
    [30.6] => 3.3824044865054
    [30.67] => 3.3736417805818
    [30.86] => 3.3648790746583
    [30.88] => 3.3561163687347
    [31.04] => 3.3473536628111
    [31.1] => 3.3385909568875
    [31.37] => 3.3298282509639
    [31.62] => 3.3210655450403
    [31.68] => 3.3123028391167
    [31.72] => 3.3035401331931
    [31.75] => 3.2947774272695
    [31.89] => 3.286014721346
    [31.98] => 3.2772520154224
    [32.06] => 3.2684893094988
    [32.35] => 3.2597266035752
    [32.39] => 3.2509638976516
    [32.53] => 3.242201191728
    [32.56] => 3.2334384858044
    [32.57] => 3.2246757798808
    [32.67] => 3.2159130739572
    [32.72] => 3.2071503680336
    [32.83] => 3.1983876621101
    [32.85] => 3.1896249561865
    [32.92] => 3.1808622502629
    [33.2] => 3.1720995443393
    [33.27] => 3.1633368384157
    [33.55] => 3.1545741324921
    [33.59] => 3.1458114265685
    [33.65] => 3.1370487206449
    [33.66] => 3.1282860147213
    [33.92] => 3.1195233087978
    [33.98] => 3.1107606028742
    [34.16] => 3.1019978969506
    [34.33] => 3.093235191027
    [34.37] => 3.0844724851034
    [34.6] => 3.0757097791798
    [34.68] => 3.0669470732562
    [34.69] => 3.0581843673326
    [34.79] => 3.049421661409
    [34.93] => 3.0406589554855
    [34.99] => 3.0318962495619
    [35.14] => 3.0231335436383
    [35.28] => 3.0143708377147
    [35.47] => 3.0056081317911
    [35.63] => 2.9968454258675
    [35.66] => 2.9880827199439
    [35.71] => 2.9793200140203
    [35.93] => 2.9705573080967
    [36.04] => 2.9617946021732
    [36.06] => 2.9530318962496
    [36.09] => 2.944269190326
    [36.34] => 2.9355064844024
    [36.45] => 2.9267437784788
    [36.67] => 2.9179810725552
    [36.92] => 2.9092183666316
    [37.09] => 2.900455660708
    [37.15] => 2.8916929547844
    [37.46] => 2.8829302488608
    [37.47] => 2.8741675429373
    [37.55] => 2.8654048370137
    [37.56] => 2.8566421310901
    [37.92] => 2.8478794251665
    [38] => 2.8391167192429
    [38.06] => 2.8303540133193
    [38.2] => 2.8215913073957
    [38.54] => 2.8128286014721
    [38.87] => 2.8040658955485
    [39.12] => 2.795303189625
    [39.13] => 2.7865404837014
    [39.18] => 2.7690150718542
    [39.37] => 2.7602523659306
    [39.43] => 2.751489660007
    [39.53] => 2.7427269540834
    [39.56] => 2.7339642481598
    [39.64] => 2.7252015422362
    [40.31] => 2.7164388363127
    [40.34] => 2.7076761303891
    [40.35] => 2.6989134244655
    [40.43] => 2.6901507185419
    [40.69] => 2.6813880126183
    [40.77] => 2.6726253066947
    [40.78] => 2.6638626007711
    [40.88] => 2.6550998948475
    [40.97] => 2.6463371889239
    [41.08] => 2.6375744830004
    [41.09] => 2.6288117770768
    [41.18] => 2.6200490711532
    [41.37] => 2.6112863652296
    [41.38] => 2.602523659306
    [41.48] => 2.5937609533824
    [41.52] => 2.5849982474588
    [41.54] => 2.5762355415352
    [41.57] => 2.5674728356116
    [41.67] => 2.558710129688
    [41.96] => 2.5499474237645
    [41.98] => 2.5411847178409
    [42.15] => 2.5324220119173
    [42.16] => 2.5236593059937
    [42.19] => 2.5148966000701
    [42.26] => 2.5061338941465
    [42.58] => 2.4973711882229
    [42.63] => 2.4886084822993
    [42.7] => 2.4710830704522
    [42.77] => 2.4623203645286
    [42.79] => 2.453557658605
    [42.97] => 2.4447949526814
    [43.01] => 2.4360322467578
    [43.17] => 2.4272695408342
    [43.3] => 2.4185068349106
    [43.53] => 2.409744128987
    [43.86] => 2.4009814230634
    [44.09] => 2.3922187171399
    [44.35] => 2.3834560112163
    [44.49] => 2.3659305993691
    [44.7] => 2.3571678934455
    [45.05] => 2.3484051875219
    [45.24] => 2.3396424815983
    [45.41] => 2.3308797756747
    [45.49] => 2.3221170697511
    [45.57] => 2.3133543638275
    [45.59] => 2.304591657904
    [45.72] => 2.2958289519804
    [45.76] => 2.2870662460568
    [45.93] => 2.2783035401332
    [45.99] => 2.2695408342096
    [46.01] => 2.260778128286
    [46.33] => 2.2520154223624
    [46.63] => 2.2432527164388
    [46.71] => 2.2344900105152
    [47.17] => 2.2257273045917
    [47.6] => 2.2169645986681
    [47.81] => 2.2082018927445
    [47.84] => 2.1994391868209
    [48.05] => 2.1906764808973
    [48.51] => 2.1819137749737
    [49.18] => 2.1731510690501
    [49.25] => 2.1643883631265
    [49.33] => 2.1556256572029
    [49.43] => 2.1468629512794
    [49.75] => 2.1381002453558
    [49.86] => 2.1293375394322
    [50] => 2.1205748335086
    [50.04] => 2.111812127585
    [50.1] => 2.1030494216614
    [50.3] => 2.0942867157378
    [50.37] => 2.0855240098142
    [50.47] => 2.0767613038906
    [50.84] => 2.0592358920435
    [51.15] => 2.0504731861199
    [51.16] => 2.0417104801963
    [51.3] => 2.0329477742727
    [51.44] => 2.0241850683491
    [51.73] => 2.0154223624255
    [52.14] => 2.0066596565019
    [52.18] => 1.9978969505783
    [52.75] => 1.9891342446547
    [52.85] => 1.9803715387312
    [52.97] => 1.9716088328076
    [53.1] => 1.962846126884
    [53.72] => 1.9540834209604
    [53.76] => 1.9453207150368
    [53.77] => 1.9365580091132
    [53.99] => 1.919032597266
    [54.03] => 1.9102698913424
    [55.18] => 1.9015071854189
    [55.28] => 1.8927444794953
    [56.15] => 1.8839817735717
    [56.9] => 1.8752190676481
    [57.6] => 1.8664563617245
    [57.92] => 1.8576936558009
    [58.03] => 1.8489309498773
    [58.66] => 1.8401682439537
    [58.74] => 1.8314055380301
    [58.79] => 1.8226428321066
    [58.98] => 1.813880126183
    [59.34] => 1.8051174202594
    [59.61] => 1.7963547143358
    [60.16] => 1.7875920084122
    [60.34] => 1.7788293024886
    [60.77] => 1.770066596565
    [60.81] => 1.7613038906414
    [60.83] => 1.7525411847178
    [61.6] => 1.7437784787943
    [61.78] => 1.7350157728707
    [61.81] => 1.7262530669471
    [61.9] => 1.7174903610235
    [62.46] => 1.7087276550999
    [62.87] => 1.6999649491763
    [62.97] => 1.6912022432527
    [63.4] => 1.6824395373291
    [63.5] => 1.6736768314055
    [64.09] => 1.6649141254819
    [64.32] => 1.6561514195584
    [65.05] => 1.6473887136348
    [65.46] => 1.6386260077112
    [65.8] => 1.6298633017876
    [65.86] => 1.621100595864
    [65.94] => 1.6123378899404
    [66.41] => 1.6035751840168
    [66.65] => 1.5948124780932
    [66.72] => 1.5860497721696
    [67.37] => 1.5772870662461
    [69.27] => 1.5685243603225
    [71.14] => 1.5597616543989
    [71.26] => 1.5509989484753
    [71.27] => 1.5422362425517
    [71.51] => 1.5334735366281
    [71.52] => 1.5247108307045
    [71.86] => 1.5159481247809
    [72.3] => 1.5071854188573
    [72.31] => 1.4984227129338
    [72.42] => 1.4896600070102
    [73.13] => 1.4808973010866
    [73.2] => 1.472134595163
    [74.04] => 1.4633718892394
    [74.72] => 1.4546091833158
    [75.49] => 1.4458464773922
    [75.86] => 1.4370837714686
    [76.23] => 1.428321065545
    [76.29] => 1.4195583596215
    [76.34] => 1.4107956536979
    [77] => 1.4020329477743
    [78.87] => 1.3932702418507
    [78.97] => 1.3845075359271
    [79.57] => 1.3757448300035
    [79.94] => 1.3669821240799
    [80.07] => 1.3582194181563
    [81.44] => 1.3494567122327
    [82.14] => 1.3406940063091
    [82.86] => 1.3319313003856
    [83.03] => 1.323168594462
    [83.2] => 1.3144058885384
    [83.23] => 1.3056431826148
    [83.49] => 1.2968804766912
    [85.53] => 1.2881177707676
    [85.74] => 1.279355064844
    [86.75] => 1.2705923589204
    [87.02] => 1.2618296529968
    [88.17] => 1.2530669470733
    [88.51] => 1.2443042411497
    [88.57] => 1.2355415352261
    [89.18] => 1.2267788293025
    [89.25] => 1.2180161233789
    [89.67] => 1.2092534174553
    [89.84] => 1.2004907115317
    [90.69] => 1.1917280056081
    [90.74] => 1.1829652996845
    [92.35] => 1.174202593761
    [92.37] => 1.1654398878374
    [92.45] => 1.1566771819138
    [92.79] => 1.1479144759902
    [92.86] => 1.1391517700666
    [92.88] => 1.130389064143
    [94.09] => 1.1216263582194
    [95.77] => 1.1128636522958
    [96.17] => 1.1041009463722
    [96.49] => 1.0953382404487
    [96.83] => 1.0865755345251
    [96.92] => 1.0778128286015
    [97.91] => 1.0690501226779
    [98.17] => 1.0602874167543
    [99.4] => 1.0515247108307
    [99.57] => 1.0427620049071
    [101.33] => 1.0339992989835
    [101.71] => 1.0252365930599
    [102.13] => 1.0164738871363
    [102.68] => 1.0077111812128
    [102.69] => 0.99894847528917
    [103.03] => 0.98142306344199
    [103.06] => 0.9726603575184
    [103.12] => 0.96389765159481
    [104.75] => 0.95513494567122
    [105.27] => 0.94637223974763
    [106.15] => 0.93760953382404
    [106.28] => 0.92884682790046
    [106.53] => 0.92008412197687
    [107.4] => 0.91132141605328
    [108.85] => 0.90255871012969
    [110.09] => 0.8937960042061
    [110.3] => 0.88503329828251
    [110.58] => 0.87627059235892
    [111.51] => 0.86750788643533
    [111.77] => 0.85874518051174
    [113.78] => 0.84998247458815
    [116.53] => 0.84121976866456
    [117.66] => 0.83245706274097
    [118.96] => 0.82369435681739
    [120.56] => 0.8149316508938
    [120.69] => 0.80616894497021
    [121.37] => 0.79740623904662
    [122.04] => 0.78864353312303
    [122.1] => 0.77988082719944
    [123.44] => 0.77111812127585
    [123.46] => 0.76235541535226
    [123.65] => 0.75359270942867
    [126.14] => 0.74483000350508
    [126.53] => 0.73606729758149
    [129.15] => 0.7273045916579
    [132.06] => 0.71854188573431
    [132.64] => 0.70977917981073
    [134.19] => 0.70101647388714
    [136.86] => 0.69225376796355
    [137.82] => 0.68349106203996
    [140.25] => 0.67472835611637
    [143.42] => 0.66596565019278
    [148.85] => 0.65720294426919
    [151.35] => 0.6484402383456
    [154.5] => 0.63967753242201
    [154.77] => 0.63091482649842
    [155.85] => 0.62215212057483
    [155.89] => 0.61338941465124
    [160.56] => 0.60462670872766
    [162.03] => 0.59586400280407
    [163.05] => 0.58710129688048
    [165.15] => 0.57833859095689
    [165.81] => 0.5695758850333
    [177.83] => 0.56081317910971
    [185.84] => 0.55205047318612
    [186.73] => 0.54328776726253
    [187.91] => 0.53452506133894
    [188.01] => 0.52576235541535
    [207.67] => 0.51699964949176
    [218.71] => 0.50823694356817
    [218.79] => 0.49947423764458
    [222.05] => 0.490711531721
    [237.44] => 0.48194882579741
    [248.38] => 0.47318611987382
    [248.95] => 0.46442341395023
    [250.25] => 0.45566070802664
    [250.37] => 0.44689800210305
    [259.01] => 0.43813529617946
    [259.06] => 0.42937259025587
    [260.14] => 0.42060988433228
    [260.29] => 0.41184717840869
    [265] => 0.4030844724851
    [273.48] => 0.39432176656151
    [301.69] => 0.38555906063792
    [313.56] => 0.37679635471434
    [320.73] => 0.36803364879075
    [331.18] => 0.35927094286716
    [343.92] => 0.35050823694357
    [347.25] => 0.34174553101998
    [352.96] => 0.33298282509639
    [356.13] => 0.3242201191728
    [357.65] => 0.31545741324921
    [372.42] => 0.30669470732562
    [382.83] => 0.29793200140203
    [395.63] => 0.28916929547844
    [408] => 0.28040658955485
    [417.45] => 0.27164388363127
    [459.38] => 0.26288117770768
    [460.86] => 0.25411847178409
    [465.98] => 0.2453557658605
    [479.4] => 0.23659305993691
    [499.87] => 0.22783035401332
    [518.54] => 0.21906764808973
    [532.15] => 0.21030494216614
    [581.09] => 0.20154223624255
    [593.43] => 0.19277953031896
    [605.28] => 0.18401682439537
    [659.57] => 0.17525411847178
    [676.25] => 0.16649141254819
    [741.9] => 0.15772870662461
    [781.86] => 0.14896600070102
    [793.34] => 0.14020329477743
    [845.22] => 0.13144058885384
    [864.41] => 0.12267788293025
    [904.31] => 0.11391517700666
    [1013.49] => 0.10515247108307
    [1056.97] => 0.096389765159481
    [1226.77] => 0.087627059235892
    [1270.7] => 0.078864353312303
    [1774.85] => 0.070101647388714
    [2255.06] => 0.061338941465124
    [2401.3] => 0.052576235541535
    [4649.08] => 0.043813529617946
    [13750.57] => 0.035050823694357
    [14157.21] => 0.026288117770768
    [16665.54] => 0.017525411847178
    [109963.34] => 0.0087627059235892
)
